SF:lib\core\services\m7_log.dart
DA:20,0
DA:23,1
DA:26,3
DA:28,1
DA:29,1
DA:32,1
DA:33,1
DA:36,1
DA:38,1
DA:42,1
DA:44,1
DA:48,1
DA:56,4
DA:58,3
DA:59,2
DA:60,0
DA:61,1
DA:62,1
DA:63,1
DA:66,1
DA:69,1
DA:75,2
DA:77,2
DA:84,1
DA:112,1
LF:25
LH:23
end_of_record
SF:lib\models\enums.dart
DA:14,0
DA:15,0
DA:17,0
DA:19,0
DA:21,0
DA:23,0
DA:25,0
DA:27,0
DA:32,0
DA:34,0
DA:36,0
DA:38,0
DA:40,0
DA:42,0
DA:44,0
DA:49,0
DA:50,0
DA:51,0
DA:57,0
DA:58,0
DA:59,0
DA:60,0
DA:66,0
DA:67,0
DA:68,0
DA:70,0
DA:72,0
DA:74,0
DA:76,0
DA:78,0
DA:80,0
DA:85,0
DA:87,0
DA:89,0
DA:91,0
DA:93,0
DA:95,0
DA:104,0
DA:105,0
DA:106,0
DA:108,0
DA:110,0
DA:112,0
DA:114,0
DA:116,0
DA:118,0
DA:123,0
DA:125,0
DA:127,0
DA:129,0
DA:131,0
DA:133,0
DA:147,0
DA:149,0
DA:151,0
DA:152,0
DA:153,0
DA:157,0
DA:159,0
DA:161,0
DA:166,0
DA:168,0
DA:170,0
DA:182,0
DA:183,0
DA:184,0
DA:186,0
DA:188,0
DA:190,0
DA:192,0
DA:194,0
DA:196,0
DA:201,0
DA:203,0
DA:205,0
DA:207,0
DA:209,0
DA:211,0
DA:226,4
DA:227,0
DA:228,0
DA:229,0
DA:230,0
DA:233,0
DA:235,0
DA:237,0
DA:242,0
DA:244,0
DA:246,0
DA:265,0
DA:266,0
DA:267,0
DA:268,0
DA:269,0
DA:272,0
DA:274,0
DA:276,0
DA:278,0
DA:280,0
DA:282,0
DA:287,0
DA:289,0
DA:291,0
DA:293,0
DA:295,0
DA:297,0
DA:307,0
DA:308,0
DA:311,0
DA:317,0
DA:319,0
DA:321,0
DA:323,0
DA:328,0
DA:330,0
DA:332,0
DA:334,0
DA:339,0
DA:341,0
DA:343,0
DA:345,0
DA:362,0
DA:363,0
DA:364,0
DA:366,0
DA:368,0
DA:370,0
DA:372,0
DA:374,0
DA:376,0
DA:378,0
DA:380,0
DA:385,0
DA:387,0
DA:389,0
DA:391,0
DA:393,0
DA:395,0
DA:397,0
DA:399,0
DA:406,0
DA:407,0
DA:408,0
DA:419,0
DA:420,0
DA:421,0
DA:423,0
DA:425,0
DA:427,0
DA:429,0
DA:431,0
DA:436,0
DA:438,0
DA:440,0
DA:442,0
DA:444,0
LF:156
LH:1
end_of_record
SF:lib\models\models.dart
DA:15,1
DA:24,0
DA:25,0
DA:26,0
DA:27,0
DA:28,0
DA:46,1
DA:77,1
DA:90,0
DA:98,1
DA:130,1
DA:151,1
DA:153,0
DA:220,2
DA:276,0
DA:278,0
DA:280,1
DA:281,4
DA:282,1
DA:283,5
DA:284,6
DA:292,0
DA:293,0
DA:295,0
DA:298,0
DA:300,0
DA:302,0
DA:307,0
DA:309,0
DA:311,0
DA:321,0
DA:322,0
DA:323,0
DA:324,0
DA:355,1
DA:381,1
DA:384,0
DA:385,0
DA:398,0
DA:406,0
DA:408,0
DA:409,0
DA:410,0
DA:412,0
DA:413,0
DA:414,0
DA:415,0
DA:416,0
DA:426,0
DA:430,0
DA:442,1
DA:461,1
DA:487,1
DA:502,1
DA:503,1
DA:504,1
DA:505,1
DA:507,0
DA:509,0
DA:511,0
DA:512,0
DA:518,0
DA:519,0
DA:527,0
DA:528,0
DA:529,0
DA:530,0
DA:531,0
DA:534,0
DA:536,0
DA:544,0
DA:576,0
DA:585,0
DA:593,0
DA:614,1
DA:628,0
DA:629,0
DA:630,0
DA:631,0
DA:632,0
DA:633,0
DA:634,0
DA:637,0
DA:638,0
DA:639,0
DA:640,0
DA:649,0
DA:653,0
DA:664,0
DA:671,0
DA:689,0
DA:707,0
DA:732,1
DA:745,0
DA:747,0
DA:748,0
DA:750,0
DA:751,0
DA:752,0
DA:753,0
DA:754,0
DA:757,0
DA:772,1
DA:803,0
DA:819,0
DA:821,0
DA:822,0
DA:823,0
DA:839,0
DA:850,0
DA:869,0
DA:884,0
DA:885,0
DA:886,0
DA:894,0
DA:913,0
DA:923,0
DA:929,0
DA:930,0
DA:931,0
DA:932,0
DA:934,0
DA:936,0
DA:938,0
DA:940,0
DA:945,0
DA:947,0
DA:949,0
DA:951,0
DA:966,1
DA:974,1
DA:989,1
DA:998,1
DA:999,1
DA:1011,0
DA:1019,0
DA:1032,0
DA:1040,0
DA:1042,0
DA:1049,0
DA:1063,0
DA:1064,0
DA:1066,0
DA:1067,0
DA:1068,0
DA:1069,0
DA:1070,0
DA:1071,0
DA:1074,0
DA:1076,0
DA:1077,0
DA:1078,0
DA:1079,0
DA:1080,0
DA:1081,0
DA:1098,0
DA:1108,0
DA:1109,0
DA:1123,0
DA:1131,0
DA:1147,0
DA:1157,0
DA:1159,0
DA:1161,0
DA:1162,0
DA:1164,0
DA:1165,0
DA:1168,0
DA:1170,0
DA:1171,0
DA:1172,0
DA:1176,0
DA:1201,0
DA:1211,0
DA:1223,0
DA:1245,0
DA:1255,0
DA:1257,0
DA:1258,0
DA:1259,0
DA:1260,0
DA:1289,0
DA:1307,0
DA:1308,0
DA:1309,0
DA:1310,0
DA:1311,0
DA:1314,0
DA:1328,0
DA:1330,0
DA:1333,0
DA:1337,0
DA:1339,0
DA:1341,0
DA:1343,0
DA:1345,0
DA:1347,0
DA:1354,0
DA:1356,0
DA:1358,0
DA:1360,0
DA:1362,0
DA:1364,0
DA:1366,0
DA:1389,0
DA:1404,0
DA:1405,0
DA:1420,0
DA:1430,0
DA:1444,0
DA:1484,0
DA:1501,0
DA:1502,0
DA:1503,0
DA:1505,0
DA:1508,0
DA:1509,0
DA:1569,0
DA:1599,0
DA:1600,0
DA:1601,0
DA:1604,0
DA:1605,0
DA:1606,0
DA:1610,0
DA:1611,0
DA:1613,0
DA:1617,0
DA:1618,0
DA:1619,0
DA:1620,0
DA:1622,0
DA:1623,0
DA:1632,0
DA:1638,0
DA:1639,0
DA:1640,0
DA:1641,0
DA:1665,0
DA:1680,0
DA:1681,0
DA:1682,0
DA:1685,0
DA:1686,0
DA:1687,0
DA:1691,0
DA:1692,0
DA:1693,0
DA:1697,0
DA:1698,0
DA:1701,0
LF:251
LH:29
end_of_record
SF:lib\core\services\employee_bulk_io.dart
DA:18,1
DA:19,3
DA:89,1
DA:90,1
DA:91,1
DA:92,1
DA:93,1
DA:95,1
DA:98,1
DA:100,1
DA:101,1
DA:104,3
DA:105,1
DA:106,2
DA:108,3
DA:109,1
DA:110,2
DA:115,1
DA:116,3
DA:118,2
DA:119,3
DA:124,1
DA:125,1
DA:127,1
DA:128,1
DA:131,1
DA:132,0
DA:133,3
DA:135,2
DA:136,3
DA:137,1
DA:139,3
DA:140,1
DA:142,3
DA:143,3
DA:145,3
DA:146,3
DA:148,3
DA:149,3
DA:151,3
DA:152,3
DA:154,1
DA:155,1
DA:156,1
DA:157,1
DA:159,1
DA:161,0
DA:167,1
DA:168,5
DA:169,1
DA:170,2
DA:171,1
DA:178,0
DA:180,0
DA:181,0
DA:182,0
DA:183,0
DA:185,0
DA:187,0
DA:189,0
DA:190,0
DA:193,0
DA:194,0
DA:195,0
DA:197,0
DA:198,0
DA:199,0
DA:202,0
DA:203,0
DA:204,0
DA:206,0
DA:207,0
DA:211,0
DA:213,0
DA:218,1
DA:219,1
DA:220,4
DA:221,2
DA:223,1
DA:235,1
DA:239,3
DA:240,1
DA:242,2
DA:243,2
DA:244,0
DA:245,0
DA:246,0
DA:248,1
DA:249,1
DA:251,2
DA:252,0
DA:254,2
DA:257,0
DA:258,0
DA:260,0
DA:261,0
DA:262,0
DA:264,0
DA:265,0
DA:268,0
DA:269,0
DA:270,0
DA:271,0
DA:273,0
DA:274,0
DA:275,0
DA:276,0
DA:277,0
DA:278,0
DA:279,0
DA:280,0
DA:281,0
DA:282,0
DA:285,0
DA:286,0
DA:291,1
DA:293,1
DA:294,1
DA:295,1
DA:296,4
DA:297,1
DA:298,1
DA:299,2
DA:300,1
DA:302,1
DA:303,3
DA:304,2
DA:305,1
DA:306,2
DA:307,1
DA:308,2
DA:309,4
DA:311,5
DA:312,3
DA:321,1
DA:322,1
DA:323,3
DA:324,2
DA:325,1
DA:328,2
DA:329,4
DA:330,2
DA:331,4
DA:336,2
DA:341,1
DA:345,1
DA:346,1
DA:348,3
DA:350,1
DA:351,1
DA:352,2
DA:356,1
DA:357,1
DA:359,0
DA:360,0
DA:361,0
DA:363,0
DA:368,1
DA:369,1
DA:371,0
DA:372,0
DA:373,0
DA:374,0
DA:376,0
DA:381,1
DA:382,1
DA:384,0
DA:385,0
DA:386,0
DA:391,1
DA:392,1
DA:394,0
DA:395,0
DA:396,0
DA:397,0
DA:402,1
DA:403,1
DA:405,0
DA:406,0
DA:407,0
DA:412,1
DA:413,1
DA:415,0
DA:416,0
DA:417,0
DA:418,0
DA:419,0
DA:421,0
DA:425,1
DA:426,1
DA:427,1
DA:428,0
DA:431,1
DA:432,1
DA:433,1
DA:434,0
DA:437,2
DA:438,2
DA:442,2
DA:443,1
DA:447,2
DA:448,1
DA:452,1
DA:459,1
DA:460,1
DA:461,1
DA:463,1
DA:464,1
DA:465,1
DA:466,1
DA:467,1
DA:469,1
DA:470,1
DA:471,1
DA:472,1
DA:473,1
DA:474,1
DA:475,1
DA:476,1
DA:477,1
DA:478,1
DA:479,1
DA:488,1
DA:489,1
DA:490,1
DA:496,1
DA:498,0
DA:502,1
DA:510,0
DA:512,0
DA:514,0
DA:515,0
DA:516,0
DA:517,0
DA:519,0
DA:520,0
DA:521,0
DA:522,0
DA:523,0
DA:525,0
DA:526,0
DA:528,0
DA:529,0
DA:530,0
DA:531,0
DA:534,1
DA:535,1
DA:536,1
DA:538,3
DA:539,1
DA:540,1
DA:541,6
DA:542,1
DA:543,1
DA:547,1
DA:548,2
DA:549,1
DA:551,1
DA:554,2
DA:558,1
DA:559,1
DA:560,3
DA:561,0
DA:566,5
DA:569,1
DA:570,1
DA:571,1
DA:572,0
DA:573,3
DA:574,1
DA:575,1
DA:576,1
DA:577,1
DA:578,1
DA:579,1
DA:580,1
DA:581,1
DA:582,1
DA:583,2
DA:584,1
DA:585,2
DA:586,1
DA:587,1
DA:588,2
DA:589,1
DA:590,1
DA:591,1
DA:592,2
DA:593,2
DA:594,2
DA:595,2
DA:596,2
DA:597,2
DA:598,1
DA:599,1
DA:600,1
DA:601,1
DA:602,2
DA:603,2
DA:604,2
DA:605,1
DA:606,1
DA:607,1
DA:608,0
DA:612,1
DA:613,1
DA:648,0
DA:696,2
DA:713,1
DA:720,0
DA:721,0
LF:311
LH:209
end_of_record
SF:lib\repositories\mock_repository.dart
DA:20,3
DA:21,2
DA:22,1
DA:23,1
DA:27,3
DA:107,0
DA:108,0
DA:109,0
DA:112,0
DA:113,0
DA:114,0
DA:115,0
DA:118,0
DA:119,0
DA:120,0
DA:123,0
DA:124,0
DA:127,0
DA:128,0
DA:129,0
DA:130,0
DA:131,0
DA:134,0
DA:135,0
DA:138,1
DA:139,1
DA:140,4
DA:141,4
DA:145,1
DA:147,4
DA:149,1
DA:151,1
DA:152,1
DA:153,5
DA:155,3
DA:156,3
DA:157,3
DA:158,3
DA:159,3
DA:160,3
DA:166,0
DA:168,0
DA:169,0
DA:170,0
DA:171,0
DA:172,0
DA:174,0
DA:175,0
DA:176,0
DA:177,0
DA:180,0
DA:188,0
DA:189,0
DA:190,0
DA:191,0
DA:192,0
DA:193,0
DA:194,0
DA:198,0
DA:199,0
DA:200,0
DA:204,0
DA:205,0
DA:206,0
DA:212,0
DA:213,0
DA:214,0
DA:217,0
DA:218,0
DA:219,0
DA:220,0
DA:221,0
DA:222,0
DA:223,0
DA:224,0
DA:225,0
DA:226,0
DA:227,0
DA:228,0
DA:230,0
DA:231,0
DA:232,0
DA:233,0
DA:235,0
DA:236,0
DA:237,0
DA:239,0
DA:246,0
DA:247,0
DA:248,0
DA:249,0
DA:250,0
DA:253,0
DA:255,0
DA:256,0
DA:257,0
DA:258,0
DA:260,0
DA:261,0
DA:262,0
DA:264,0
DA:265,0
DA:269,0
DA:270,0
DA:272,0
DA:276,0
DA:277,0
DA:278,0
DA:279,0
DA:280,0
DA:284,0
DA:286,0
DA:290,0
DA:291,0
DA:292,0
DA:293,0
DA:294,0
DA:300,0
DA:304,0
DA:305,0
DA:306,0
DA:307,0
DA:308,0
DA:310,0
DA:311,0
DA:316,0
DA:318,0
DA:322,0
DA:323,0
DA:324,0
DA:326,0
DA:327,0
DA:328,0
DA:332,0
DA:333,0
DA:334,0
DA:335,0
DA:339,0
DA:341,0
DA:351,0
DA:352,0
DA:354,0
DA:355,0
DA:356,0
DA:359,0
DA:360,0
DA:361,0
DA:362,0
DA:366,0
DA:367,0
DA:369,0
DA:370,0
DA:371,0
DA:372,0
DA:373,0
DA:374,0
DA:378,0
DA:380,0
DA:381,0
DA:382,0
DA:383,0
DA:385,0
DA:389,0
DA:390,0
DA:391,0
DA:392,0
DA:393,0
DA:397,0
DA:398,0
DA:399,0
DA:400,0
DA:401,0
DA:402,0
DA:406,0
DA:408,0
DA:409,0
DA:410,0
DA:411,0
DA:412,0
DA:416,0
DA:418,0
DA:422,0
DA:424,0
DA:425,0
DA:426,0
DA:427,0
DA:429,0
DA:430,0
DA:436,0
DA:440,0
DA:447,0
DA:448,0
DA:449,0
DA:450,0
DA:456,0
DA:460,0
DA:461,0
DA:462,0
DA:463,0
DA:466,1
DA:468,1
DA:469,1
DA:477,1
DA:478,1
DA:486,1
DA:487,1
DA:495,1
DA:496,1
DA:504,3
DA:508,1
DA:509,1
DA:510,1
DA:511,1
DA:512,1
DA:513,1
DA:514,1
DA:516,2
DA:517,3
DA:518,1
DA:519,1
DA:520,1
DA:521,1
DA:522,1
DA:523,1
DA:524,1
DA:529,3
DA:530,3
DA:531,3
DA:532,3
DA:533,3
DA:534,3
DA:536,3
DA:537,4
DA:538,4
DA:539,4
DA:540,4
DA:541,4
DA:542,4
DA:545,2
DA:546,2
DA:547,2
DA:548,2
DA:549,3
DA:552,2
DA:554,2
DA:556,2
DA:558,2
DA:560,2
DA:562,2
DA:564,2
DA:567,3
DA:572,2
DA:574,2
DA:576,2
DA:578,2
DA:580,2
DA:582,2
DA:584,3
DA:587,2
DA:588,2
DA:589,2
DA:590,2
DA:591,3
DA:594,3
DA:595,2
DA:596,2
DA:597,2
DA:598,2
DA:599,2
DA:600,2
DA:601,2
DA:602,2
DA:603,2
DA:604,2
DA:605,2
DA:606,2
DA:610,3
DA:611,2
DA:612,2
DA:613,2
DA:614,2
DA:615,2
DA:619,1
DA:620,1
DA:623,1
DA:624,1
DA:625,1
DA:629,1
DA:630,1
DA:633,1
DA:634,1
DA:635,1
DA:639,1
DA:640,1
DA:643,1
DA:644,1
DA:645,1
DA:649,3
DA:652,1
DA:653,1
DA:656,1
DA:657,1
DA:658,1
DA:660,1
DA:661,1
DA:664,1
DA:665,1
DA:666,1
DA:668,3
DA:669,2
DA:670,2
DA:673,1
DA:674,1
DA:678,1
DA:679,1
DA:683,3
DA:685,1
DA:686,1
DA:690,1
DA:691,1
DA:693,3
DA:695,3
DA:698,1
DA:699,1
DA:700,1
DA:701,1
DA:702,1
DA:703,1
DA:704,1
DA:705,1
DA:706,1
DA:707,1
DA:708,1
DA:709,1
DA:710,1
DA:712,1
DA:713,2
DA:714,3
DA:715,1
DA:716,1
DA:717,3
DA:718,1
DA:719,2
DA:720,1
DA:721,1
DA:722,1
DA:723,3
DA:724,3
DA:725,3
DA:726,1
DA:727,1
DA:728,1
DA:729,4
DA:730,6
DA:731,3
DA:732,2
DA:733,5
DA:734,2
DA:740,2
DA:741,2
DA:742,3
DA:743,0
DA:745,3
DA:746,1
DA:747,2
DA:748,2
DA:749,2
DA:750,7
DA:751,8
DA:752,0
DA:760,3
DA:761,1
DA:766,3
DA:767,1
DA:772,5
DA:773,3
DA:774,1
DA:776,1
DA:778,1
DA:780,3
DA:781,1
DA:786,5
DA:787,3
DA:788,1
DA:790,1
DA:792,1
DA:794,3
DA:795,1
DA:797,3
DA:799,3
DA:803,3
DA:804,1
DA:805,1
DA:806,1
DA:807,1
DA:808,2
DA:812,1
DA:813,1
DA:814,1
DA:815,1
DA:816,1
DA:818,2
DA:819,6
DA:822,8
DA:823,2
DA:824,2
DA:825,2
DA:826,3
DA:827,1
DA:828,1
DA:836,2
DA:839,1
DA:840,1
DA:841,1
DA:842,7
DA:843,2
DA:845,2
DA:847,2
DA:848,3
DA:849,1
DA:850,3
DA:857,2
DA:860,2
DA:861,3
DA:862,1
DA:863,1
DA:864,1
DA:868,11
DA:873,1
DA:874,1
DA:875,1
DA:876,1
DA:877,1
DA:878,1
DA:879,1
DA:880,1
DA:882,2
DA:883,3
DA:884,1
DA:885,1
DA:886,1
DA:895,2
DA:896,3
DA:897,1
DA:898,1
DA:899,3
DA:900,3
DA:901,1
DA:902,3
DA:903,3
DA:908,3
DA:909,1
DA:910,3
DA:913,6
DA:916,3
DA:917,1
DA:918,3
DA:919,1
DA:920,1
DA:927,0
DA:928,0
DA:929,0
DA:932,0
DA:933,0
DA:934,0
DA:935,0
DA:938,0
DA:939,0
DA:940,0
DA:944,0
DA:946,0
DA:947,0
DA:948,0
DA:949,0
DA:952,0
DA:953,0
DA:954,0
DA:955,0
DA:957,0
DA:960,0
DA:963,0
DA:969,0
DA:970,0
DA:973,0
DA:974,0
DA:975,0
DA:978,0
DA:979,0
DA:980,0
DA:981,0
DA:984,0
DA:987,0
DA:994,0
DA:995,0
DA:996,0
DA:999,0
DA:1000,0
DA:1001,0
DA:1002,0
DA:1005,0
DA:1008,0
DA:1014,0
DA:1015,0
DA:1016,0
DA:1017,0
DA:1020,0
DA:1021,0
DA:1022,0
DA:1026,0
DA:1027,0
DA:1028,0
DA:1031,0
DA:1032,0
DA:1033,0
DA:1034,0
DA:1038,0
DA:1047,0
DA:1048,0
DA:1056,0
DA:1059,0
DA:1061,0
DA:1062,0
DA:1063,0
DA:1064,0
DA:1065,0
DA:1074,0
DA:1082,0
DA:1083,0
DA:1084,0
DA:1085,0
DA:1087,0
DA:1088,0
DA:1089,0
DA:1090,0
DA:1091,0
DA:1092,0
DA:1093,0
DA:1094,0
DA:1095,0
DA:1096,0
DA:1097,0
DA:1098,0
DA:1099,0
DA:1100,0
DA:1103,0
DA:1111,0
DA:1112,0
DA:1113,0
DA:1114,0
DA:1117,0
DA:1122,0
DA:1124,0
DA:1125,0
DA:1130,0
DA:1131,0
DA:1135,0
DA:1136,0
DA:1139,0
DA:1140,0
DA:1141,0
DA:1142,0
DA:1143,0
DA:1146,0
DA:1147,0
DA:1148,0
DA:1149,0
DA:1150,0
DA:1152,0
DA:1153,0
DA:1154,0
DA:1158,0
DA:1159,0
DA:1160,0
DA:1161,0
DA:1162,0
DA:1163,0
DA:1168,0
DA:1169,0
DA:1170,0
DA:1171,0
DA:1172,0
DA:1180,0
DA:1182,0
DA:1183,0
DA:1184,0
DA:1185,0
DA:1186,0
DA:1187,0
DA:1193,0
DA:1194,0
DA:1195,0
DA:1199,0
DA:1201,0
DA:1202,0
DA:1203,0
DA:1204,0
DA:1206,0
DA:1207,0
DA:1208,0
DA:1217,0
DA:1222,0
DA:1224,0
DA:1225,0
DA:1226,0
DA:1227,0
DA:1228,0
DA:1229,0
DA:1237,0
DA:1242,0
DA:1247,0
DA:1248,0
DA:1253,0
DA:1260,0
DA:1261,0
DA:1266,0
DA:1268,0
DA:1269,0
DA:1274,0
DA:1275,0
DA:1277,0
DA:1278,0
DA:1286,0
DA:1290,0
DA:1291,0
DA:1293,0
DA:1294,0
DA:1299,0
DA:1300,0
DA:1301,0
DA:1302,0
DA:1303,0
DA:1304,0
DA:1305,0
DA:1308,0
DA:1309,0
DA:1310,0
DA:1313,0
DA:1317,0
DA:1318,0
DA:1319,0
DA:1320,0
DA:1321,0
DA:1323,0
DA:1324,0
DA:1325,0
DA:1326,0
DA:1327,0
DA:1328,0
DA:1329,0
DA:1331,0
DA:1333,0
DA:1334,0
DA:1336,0
DA:1341,0
DA:1342,0
DA:1346,0
DA:1351,0
DA:1353,0
DA:1354,0
DA:1355,0
DA:1356,0
DA:1359,0
DA:1360,0
DA:1361,0
DA:1365,0
DA:1371,0
DA:1372,0
DA:1373,0
DA:1374,0
DA:1376,0
DA:1380,0
DA:1385,0
DA:1390,0
DA:1392,0
DA:1393,0
DA:1394,0
DA:1398,0
DA:1399,0
DA:1400,0
DA:1401,0
DA:1403,0
DA:1404,0
DA:1405,0
DA:1409,0
DA:1412,0
DA:1413,0
DA:1414,0
DA:1415,0
DA:1416,0
DA:1417,0
DA:1419,0
DA:1420,0
DA:1425,0
DA:1426,0
DA:1427,0
DA:1428,0
DA:1430,0
DA:1433,0
DA:1435,0
DA:1437,0
DA:1438,0
DA:1441,0
DA:1442,0
DA:1447,0
DA:1448,0
DA:1451,0
DA:1452,0
DA:1454,0
DA:1460,0
DA:1461,0
DA:1462,0
DA:1467,0
DA:1468,0
DA:1469,0
DA:1472,0
DA:1473,0
DA:1475,0
DA:1476,0
DA:1478,0
DA:1479,0
DA:1481,0
DA:1484,0
DA:1485,0
DA:1486,0
DA:1487,0
DA:1491,0
DA:1492,0
DA:1493,0
DA:1496,0
DA:1497,0
DA:1498,0
DA:1499,0
DA:1500,0
DA:1505,0
DA:1506,0
DA:1507,0
DA:1510,0
DA:1511,0
DA:1512,0
DA:1513,0
DA:1516,0
DA:1517,0
DA:1523,0
DA:1527,0
DA:1528,0
DA:1529,0
DA:1531,0
DA:1532,0
DA:1535,0
DA:1536,0
DA:1537,0
DA:1538,0
DA:1541,0
DA:1542,0
DA:1543,0
DA:1546,0
DA:1547,0
DA:1548,0
DA:1549,0
DA:1553,0
DA:1556,0
DA:1558,0
DA:1559,0
DA:1560,0
DA:1561,0
DA:1562,0
DA:1566,0
DA:1571,0
DA:1572,0
DA:1573,0
DA:1577,0
DA:1578,0
DA:1579,0
DA:1583,0
DA:1585,0
DA:1586,0
DA:1587,0
DA:1590,0
DA:1595,0
DA:1596,0
DA:1597,0
DA:1598,0
DA:1599,0
DA:1600,0
DA:1601,0
DA:1605,0
DA:1606,0
DA:1607,0
DA:1608,0
DA:1609,0
DA:1613,0
DA:1614,0
DA:1628,0
DA:1629,0
DA:1631,0
DA:1635,0
DA:1636,0
DA:1638,0
DA:1647,0
DA:1648,0
DA:1650,0
DA:1652,0
DA:1653,0
DA:1661,0
DA:1662,0
DA:1666,0
DA:1670,0
DA:1676,0
DA:1678,0
DA:1679,0
DA:1681,0
DA:1685,0
DA:1686,0
DA:1687,0
DA:1695,0
DA:1696,0
DA:1697,0
DA:1702,0
DA:1703,0
DA:1704,0
DA:1705,0
DA:1707,0
DA:1709,0
DA:1712,0
DA:1713,0
DA:1715,0
DA:1716,0
DA:1719,0
DA:1720,0
DA:1721,0
DA:1722,0
DA:1724,0
DA:1726,0
DA:1729,0
DA:1730,0
DA:1731,0
DA:1735,0
DA:1736,0
DA:1739,0
DA:1740,0
DA:1741,0
DA:1742,0
DA:1743,0
DA:1744,0
DA:1748,0
DA:1749,0
DA:1750,0
DA:1751,0
DA:1752,0
DA:1753,0
DA:1754,0
DA:1755,0
DA:1759,0
DA:1760,0
DA:1761,0
DA:1762,0
DA:1763,0
DA:1764,0
DA:1765,0
DA:1770,0
DA:1773,0
DA:1774,0
DA:1775,0
DA:1776,0
DA:1777,0
DA:1779,0
DA:1780,0
DA:1782,0
DA:1783,0
DA:1784,0
DA:1787,0
DA:1793,0
DA:1794,0
DA:1795,0
DA:1801,0
DA:1802,0
DA:1803,0
DA:1804,0
DA:1805,0
DA:1806,0
DA:1809,0
DA:1810,0
DA:1811,0
DA:1812,0
DA:1814,0
DA:1816,0
DA:1819,0
DA:1820,0
DA:1821,0
DA:1826,0
DA:1827,0
DA:1828,0
DA:1830,0
DA:1831,0
DA:1832,0
DA:1833,0
DA:1834,0
DA:1835,0
DA:1837,0
DA:1842,0
DA:1843,0
DA:1849,0
DA:1851,0
DA:1852,0
DA:1853,0
DA:1854,0
DA:1855,0
DA:1856,0
DA:1857,0
DA:1860,0
DA:1864,0
DA:1865,0
DA:1866,0
DA:1867,0
DA:1868,0
DA:1869,0
DA:1873,0
DA:1874,0
DA:1875,0
DA:1876,0
DA:1877,0
DA:1879,0
DA:1880,0
DA:1884,0
DA:1885,0
DA:1886,0
DA:1887,0
DA:1888,0
DA:1889,0
DA:1890,0
DA:1891,0
DA:1892,0
DA:1893,0
DA:1894,0
DA:1896,0
DA:1897,0
DA:1898,0
DA:1901,0
DA:1902,0
DA:1903,0
DA:1909,0
DA:1910,0
DA:1911,0
DA:1912,0
DA:1913,0
DA:1917,0
DA:1918,0
DA:1919,0
DA:1920,0
DA:1923,0
DA:1925,0
DA:1926,0
DA:1927,0
DA:1928,0
DA:1929,0
DA:1933,0
DA:1934,0
DA:1935,0
DA:1936,0
DA:1937,0
DA:1941,0
DA:1942,0
DA:1943,0
DA:1944,0
DA:1945,0
DA:1946,0
DA:1947,0
DA:1948,0
DA:1949,0
DA:1950,0
DA:1951,0
DA:1956,0
DA:1957,0
DA:1958,0
DA:1963,0
DA:1967,0
DA:1974,0
DA:1975,0
DA:1976,0
DA:1978,0
DA:1979,0
DA:1980,0
DA:1981,0
DA:1988,0
DA:1989,0
DA:1990,0
DA:1991,0
DA:1993,0
DA:1995,0
DA:1999,0
DA:2004,0
DA:2005,0
DA:2006,0
DA:2007,0
DA:2010,0
DA:2013,0
DA:2014,0
DA:2015,0
DA:2022,0
DA:2023,0
DA:2026,0
DA:2027,0
DA:2031,0
DA:2032,0
DA:2034,0
DA:2035,0
DA:2036,0
DA:2040,0
DA:2041,0
DA:2046,0
DA:2047,0
DA:2048,0
DA:2050,0
DA:2051,0
DA:2052,0
DA:2053,0
DA:2056,0
DA:2057,0
DA:2064,0
DA:2067,0
DA:2068,0
DA:2069,0
DA:2070,0
DA:2071,0
DA:2073,0
DA:2074,0
DA:2075,0
DA:2076,0
DA:2083,0
DA:2089,0
DA:2090,0
DA:2091,0
DA:2092,0
DA:2093,0
DA:2094,0
DA:2100,0
DA:2101,0
DA:2102,0
DA:2105,0
DA:2109,0
DA:2111,0
DA:2112,0
DA:2118,0
DA:2119,0
DA:2120,0
DA:2121,0
DA:2122,0
DA:2123,0
DA:2126,0
DA:2127,0
DA:2128,0
DA:2129,0
DA:2131,0
DA:2133,0
DA:2138,0
DA:2139,0
DA:2140,0
DA:2143,0
DA:2144,0
DA:2145,0
DA:2146,0
DA:2147,0
DA:2151,0
DA:2152,0
DA:2153,0
DA:2158,0
DA:2159,0
DA:2160,0
DA:2166,0
DA:2167,0
DA:2168,0
DA:2169,0
DA:2170,0
DA:2174,0
DA:2175,0
DA:2179,0
DA:2180,0
DA:2184,0
DA:2185,0
DA:2190,0
DA:2194,0
DA:2196,0
DA:2198,0
DA:2199,0
DA:2204,0
DA:2206,0
DA:2207,0
DA:2208,0
DA:2210,0
DA:2212,0
DA:2215,0
DA:2216,0
DA:2217,0
DA:2218,0
DA:2219,0
DA:2220,0
DA:2222,0
DA:2223,0
DA:2225,0
DA:2226,0
DA:2228,0
DA:2229,0
DA:2235,0
DA:2236,0
DA:2240,0
DA:2241,0
DA:2242,0
DA:2243,0
DA:2244,0
DA:2247,0
DA:2249,0
DA:2252,0
DA:2253,0
DA:2254,0
DA:2262,0
DA:2266,0
DA:2268,0
DA:2271,0
DA:2273,0
DA:2277,0
DA:2282,0
DA:2284,0
DA:2285,0
DA:2286,0
DA:2287,0
DA:2291,0
DA:2297,0
DA:2298,0
DA:2299,0
DA:2303,0
DA:2304,0
DA:2305,0
DA:2308,0
DA:2309,0
DA:2310,0
DA:2315,0
DA:2317,0
DA:2319,0
DA:2320,0
DA:2321,0
DA:2322,0
DA:2323,0
DA:2325,0
DA:2326,0
DA:2328,0
DA:2329,0
DA:2330,0
DA:2334,0
DA:2336,0
DA:2338,0
DA:2339,0
DA:2340,0
DA:2341,0
DA:2342,0
DA:2343,0
DA:2344,0
DA:2346,0
DA:2347,0
DA:2348,0
DA:2349,0
DA:2353,0
DA:2355,0
DA:2357,0
DA:2358,0
DA:2359,0
DA:2360,0
DA:2361,0
DA:2362,0
DA:2363,0
DA:2364,0
DA:2365,0
DA:2367,0
DA:2368,0
DA:2369,0
DA:2373,0
DA:2375,0
DA:2377,0
DA:2378,0
DA:2379,0
DA:2380,0
DA:2381,0
DA:2383,0
DA:2384,0
DA:2385,0
DA:2389,0
DA:2391,0
DA:2393,0
DA:2394,0
DA:2395,0
DA:2396,0
DA:2397,0
DA:2399,0
DA:2402,0
DA:2404,0
DA:2406,0
DA:2407,0
DA:2408,0
DA:2409,0
DA:2410,0
DA:2412,0
DA:2415,0
DA:2417,0
DA:2419,0
DA:2420,0
DA:2421,0
DA:2422,0
DA:2423,0
DA:2425,0
DA:2428,0
DA:2430,0
DA:2432,0
DA:2433,0
DA:2434,0
DA:2435,0
DA:2436,0
DA:2438,0
DA:2441,0
DA:2443,0
DA:2445,0
DA:2446,0
DA:2447,0
DA:2448,0
DA:2449,0
DA:2451,0
DA:2456,0
DA:2458,0
DA:2464,0
DA:2466,0
DA:2472,0
DA:2473,0
DA:2474,0
DA:2477,0
DA:2478,0
DA:2479,0
DA:2480,0
DA:2483,0
DA:2484,0
DA:2486,0
DA:2487,0
DA:2491,0
DA:2493,0
DA:2494,0
DA:2496,0
DA:2497,0
DA:2500,0
DA:2502,0
DA:2508,0
DA:2509,0
DA:2512,0
DA:2513,0
DA:2515,0
DA:2516,0
DA:2517,0
DA:2525,0
DA:2529,0
DA:2531,0
DA:2533,0
DA:2534,0
DA:2535,0
DA:2536,0
DA:2537,0
DA:2542,0
DA:2543,0
DA:2545,0
DA:2546,0
DA:2547,0
DA:2551,0
DA:2552,0
DA:2555,0
DA:2557,0
DA:2558,0
DA:2560,0
DA:2567,0
DA:2569,0
DA:2572,0
DA:2573,0
DA:2575,0
DA:2576,0
DA:2577,0
DA:2578,0
DA:2579,0
DA:2581,0
DA:2582,0
DA:2584,0
DA:2585,0
DA:2587,0
DA:2590,0
DA:2592,0
DA:2595,0
DA:2596,0
DA:2598,0
DA:2599,0
DA:2600,0
DA:2601,0
DA:2602,0
DA:2604,0
DA:2605,0
DA:2606,0
DA:2610,0
DA:2611,0
DA:2614,0
DA:2619,0
DA:2620,0
DA:2622,0
DA:2623,0
DA:2625,0
DA:2626,0
DA:2629,0
DA:2631,0
DA:2637,0
DA:2638,0
DA:2639,0
DA:2640,0
DA:2641,0
DA:2645,0
DA:2646,0
DA:2647,0
DA:2648,0
DA:2652,0
DA:2659,0
DA:2664,0
DA:2667,0
DA:2668,0
DA:2670,0
DA:2671,0
DA:2673,0
DA:2674,0
DA:2677,0
DA:2682,0
DA:2683,0
DA:2685,0
DA:2690,0
DA:2691,0
DA:2693,0
DA:2700,0
DA:2703,0
DA:2704,0
DA:2706,0
DA:2710,0
DA:2712,0
DA:2717,0
DA:2722,0
DA:2724,0
DA:2726,0
DA:2730,0
DA:2732,0
DA:2733,0
DA:2738,0
DA:2740,0
DA:2742,0
DA:2748,0
DA:2750,0
DA:2751,0
DA:2757,0
DA:2759,0
DA:2760,0
DA:2762,0
DA:2763,0
DA:2766,0
DA:2770,0
DA:2771,0
DA:2773,0
DA:2774,0
DA:2776,0
DA:2777,0
DA:2779,0
DA:2780,0
DA:2782,0
DA:2783,0
DA:2786,0
DA:2787,0
DA:2788,0
DA:2790,0
DA:2791,0
DA:2792,0
DA:2793,0
DA:2798,0
DA:2799,0
DA:2800,0
DA:2801,0
DA:2802,0
DA:2803,0
DA:2816,0
DA:2817,0
LF:1384
LH:279
end_of_record
SF:lib\models\lookups.dart
DA:15,1
DA:25,0
DA:46,1
DA:58,0
DA:62,0
DA:63,0
DA:64,0
DA:65,0
DA:66,0
DA:67,0
DA:69,0
DA:73,0
DA:74,0
DA:77,0
DA:78,0
DA:79,0
DA:80,0
DA:82,0
DA:93,0
DA:106,1
DA:113,0
DA:123,1
DA:131,0
DA:139,1
DA:145,0
DA:155,0
DA:157,0
DA:158,0
DA:159,0
DA:163,0
DA:165,0
DA:166,0
DA:173,0
DA:175,0
DA:176,0
DA:177,0
DA:181,0
DA:183,0
DA:184,0
DA:185,0
DA:189,0
DA:191,0
DA:192,0
DA:193,0
DA:211,0
DA:212,0
DA:214,0
DA:215,0
DA:219,0
DA:221,0
DA:223,0
DA:225,0
DA:227,0
DA:229,0
DA:231,0
DA:233,0
DA:267,1
DA:284,1
DA:285,1
DA:286,1
DA:287,1
DA:289,0
DA:292,0
DA:295,0
DA:308,0
DA:318,0
DA:319,0
DA:320,0
DA:333,0
DA:343,0
DA:359,1
DA:367,0
DA:370,0
DA:379,1
DA:381,0
DA:390,1
DA:392,0
DA:401,1
DA:402,0
LF:79
LH:14
end_of_record
SF:lib\models\policies.dart
DA:12,0
DA:14,0
DA:16,0
DA:18,0
DA:20,0
DA:22,0
DA:24,0
DA:29,0
DA:31,0
DA:33,0
DA:35,0
DA:37,0
DA:39,0
DA:41,0
DA:46,0
DA:48,0
DA:50,0
DA:52,0
DA:54,0
DA:56,0
DA:58,0
DA:63,0
DA:65,0
DA:67,0
DA:69,0
DA:71,0
DA:73,0
DA:75,0
DA:91,2
DA:113,1
DA:125,0
DA:126,0
DA:129,0
DA:130,0
DA:131,0
DA:132,0
DA:133,0
DA:134,0
DA:135,0
DA:136,0
DA:137,0
DA:138,0
DA:139,0
DA:140,0
DA:141,0
DA:142,0
DA:144,0
DA:145,0
LF:48
LH:2
end_of_record
SF:lib\models\rbac.dart
DA:18,1
DA:30,1
DA:32,0
DA:33,0
DA:34,0
DA:35,0
DA:36,0
DA:51,1
DA:73,1
DA:88,1
DA:100,1
DA:107,1
DA:120,0
DA:127,0
DA:134,1
DA:148,0
DA:157,0
LF:17
LH:8
end_of_record
SF:lib\repositories\policies_seed.dart
DA:5,1
DA:6,1
DA:8,1
DA:10,1
DA:11,1
DA:17,1
DA:18,1
DA:68,1
DA:69,1
DA:75,1
DA:76,1
DA:132,1
DA:133,1
DA:139,1
DA:140,1
DA:185,1
DA:186,1
DA:192,1
DA:193,1
DA:234,1
DA:235,1
DA:241,1
DA:242,1
LF:23
LH:23
end_of_record
SF:lib\repositories\rbac_seed.dart
DA:12,1
DA:23,1
DA:28,1
DA:29,1
DA:38,1
DA:39,1
DA:48,1
DA:49,1
DA:58,1
DA:59,1
DA:68,1
DA:69,1
DA:78,1
DA:79,1
DA:88,1
DA:89,1
DA:98,1
DA:99,1
DA:109,1
DA:123,1
DA:124,1
DA:125,1
DA:127,1
DA:129,1
DA:130,1
DA:131,1
DA:132,1
DA:133,1
DA:135,1
DA:138,1
DA:140,1
DA:142,1
DA:145,1
DA:146,1
DA:147,1
DA:148,1
DA:150,1
DA:151,1
DA:152,1
DA:153,1
DA:155,1
DA:157,1
DA:158,1
DA:159,1
DA:160,1
DA:161,1
DA:163,1
DA:164,1
DA:165,1
DA:166,1
DA:167,1
DA:168,1
DA:172,1
DA:175,1
DA:176,1
DA:177,1
DA:178,1
DA:180,1
DA:181,1
DA:182,1
DA:184,1
DA:186,1
DA:188,1
DA:189,1
DA:190,1
DA:191,1
DA:193,1
DA:195,1
DA:197,1
DA:198,1
DA:199,1
DA:200,1
DA:202,1
DA:203,1
DA:206,1
DA:207,1
DA:208,1
DA:210,1
DA:213,1
DA:216,1
DA:217,1
DA:219,1
DA:221,1
DA:223,1
DA:225,1
DA:227,1
DA:229,1
DA:231,1
DA:234,1
DA:235,1
DA:236,1
DA:238,1
DA:239,1
DA:243,4
DA:248,1
DA:249,1
DA:250,2
DA:251,1
DA:253,4
DA:258,5
DA:264,2
DA:299,2
DA:321,2
DA:331,2
DA:339,2
DA:363,2
DA:369,2
DA:380,1
DA:381,1
DA:388,1
DA:389,1
DA:395,1
DA:396,1
DA:402,1
DA:403,1
DA:408,1
DA:409,1
DA:415,1
DA:424,1
DA:425,1
DA:426,1
DA:427,1
DA:428,1
DA:429,1
DA:430,3
DA:431,1
DA:432,3
DA:433,1
DA:434,1
DA:435,1
DA:436,1
DA:437,1
DA:438,1
DA:439,1
DA:440,1
DA:444,1
DA:445,2
DA:446,2
DA:447,3
DA:451,1
LF:140
LH:140
end_of_record
SF:lib\shared\employee_identity.dart
DA:26,1
DA:33,1
DA:34,1
DA:35,2
DA:36,1
DA:37,1
DA:38,2
DA:44,1
DA:46,2
DA:48,0
DA:49,0
DA:51,1
DA:52,1
DA:53,2
DA:54,1
DA:60,0
DA:62,0
DA:63,0
DA:64,0
DA:65,0
DA:67,0
DA:69,0
DA:70,0
DA:72,0
DA:73,0
DA:74,0
DA:76,0
DA:77,0
DA:79,0
DA:110,1
DA:124,1
DA:126,1
DA:127,1
DA:128,1
DA:129,1
DA:130,1
DA:132,1
DA:133,1
DA:134,1
DA:135,1
DA:137,1
DA:138,1
DA:139,1
DA:140,1
DA:142,1
DA:143,1
DA:144,1
DA:145,1
DA:148,1
DA:149,4
DA:150,3
DA:152,4
DA:153,3
DA:155,1
DA:157,1
DA:158,1
DA:159,1
DA:160,1
DA:162,1
DA:164,1
DA:165,1
DA:166,1
DA:169,1
DA:170,1
DA:171,2
DA:174,1
DA:175,1
DA:180,1
DA:181,1
DA:185,1
DA:186,1
DA:189,3
DA:195,2
DA:196,1
DA:197,1
DA:202,1
DA:203,0
DA:206,1
DA:207,1
DA:208,1
DA:209,1
DA:234,1
DA:244,1
DA:246,1
DA:247,1
DA:249,1
DA:250,2
DA:251,1
DA:252,3
DA:254,1
DA:256,1
DA:257,1
DA:258,1
DA:259,1
DA:261,1
DA:263,1
DA:264,1
DA:266,1
DA:269,1
DA:270,1
DA:271,2
DA:277,4
DA:278,1
DA:279,2
DA:282,1
DA:284,3
DA:290,1
DA:295,3
DA:296,4
DA:297,1
DA:298,1
DA:300,1
DA:301,1
DA:302,1
DA:303,1
LF:115
LH:98
end_of_record
SF:lib\core\theme\app_colors.dart
DA:8,0
LF:1
LH:0
end_of_record
SF:lib\core\theme\app_palette.dart
DA:8,0
DA:92,0
DA:122,0
DA:143,0
DA:159,0
LF:5
LH:0
end_of_record
